0 info it worked if it ends with ok
1 verbose cli [ '/home/ubuntu/.nvm/versions/node/v4.5.0/bin/node',
1 verbose cli   '/home/ubuntu/.nvm/versions/node/v4.5.0/bin/npm',
1 verbose cli   'publish' ]
2 info using npm@2.15.9
3 info using node@v4.5.0
4 verbose publish [ '.' ]
5 silly cache add args [ '.', null ]
6 verbose cache add spec .
7 silly cache add parsed spec Result {
7 silly cache add   raw: '.',
7 silly cache add   scope: null,
7 silly cache add   name: null,
7 silly cache add   rawSpec: '.',
7 silly cache add   spec: '/home/ubuntu/workspace/practica4/heroku2',
7 silly cache add   type: 'directory' }
8 verbose addLocalDirectory /home/ubuntu/.npm/gitbook-start-plugin-heroku-ericlucastania/1.0.33/package.tgz not in flight; packing
9 verbose correctMkdir /home/ubuntu/.npm correctMkdir not in flight; initializing
10 verbose tar pack [ '/home/ubuntu/.npm/gitbook-start-plugin-heroku-ericlucastania/1.0.33/package.tgz',
10 verbose tar pack   '/home/ubuntu/workspace/practica4/heroku2' ]
11 verbose tarball /home/ubuntu/.npm/gitbook-start-plugin-heroku-ericlucastania/1.0.33/package.tgz
12 verbose folder /home/ubuntu/workspace/practica4/heroku2
13 info prepublish gitbook-start-plugin-heroku-ericlucastania@1.0.33
14 verbose addLocalTarball adding from inside cache /home/ubuntu/.npm/gitbook-start-plugin-heroku-ericlucastania/1.0.33/package.tgz
15 verbose correctMkdir /home/ubuntu/.npm correctMkdir not in flight; initializing
16 silly cache afterAdd gitbook-start-plugin-heroku-ericlucastania@1.0.33
17 verbose afterAdd /home/ubuntu/.npm/gitbook-start-plugin-heroku-ericlucastania/1.0.33/package/package.json not in flight; writing
18 verbose correctMkdir /home/ubuntu/.npm correctMkdir not in flight; initializing
19 verbose afterAdd /home/ubuntu/.npm/gitbook-start-plugin-heroku-ericlucastania/1.0.33/package/package.json written
20 silly publish { name: 'gitbook-start-plugin-heroku-ericlucastania',
20 silly publish   version: '1.0.33',
20 silly publish   description: 'Plugin que permite hacer un despliegue automático de un gitbook en heroku',
20 silly publish   main: 'script.js',
20 silly publish   scripts:
20 silly publish    { test: 'echo "Error: no test specified" && exit 1',
20 silly publish      script: './script.js' },
20 silly publish   repository:
20 silly publish    { type: 'git',
20 silly publish      url: 'git+https://github.com/ULL-ESIT-SYTW-1617/gitbook-start-heroku-ericlucastania.git' },
20 silly publish   author: { name: 'Eric Ramos Suárez, Lucas Ruiz González, Tania González Rodríguez' },
20 silly publish   license: 'ISC',
20 silly publish   _id: 'gitbook-start-plugin-heroku-ericlucastania@1.0.33',
20 silly publish   _shasum: '9c8b3c2a31131d02116db595dae5a224ea564b78',
20 silly publish   _from: '.',
20 silly publish   _npmVersion: '2.15.9',
20 silly publish   _nodeVersion: '4.5.0',
20 silly publish   _npmUser: { name: 'tania77', email: 'ainatrg@gmail.com' },
20 silly publish   dist:
20 silly publish    { shasum: 'f6986aeab7f7c3dc929efc669d9a49f51c960e15',
20 silly publish      tarball: 'https://registry.npmjs.org/gitbook-start-plugin-heroku-ericlucastania/-/gitbook-start-plugin-heroku-ericlucastania-1.0.3.tgz' },
20 silly publish   maintainers:
20 silly publish    [ { name: 'alu0100786330', email: 'alu0100786330@ull.edu.es' },
20 silly publish      { name: 'joselucas', email: 'alu0100785265@ull.edu.es' },
20 silly publish      { name: 'tania77', email: 'ainatrg@gmail.com' } ],
20 silly publish   _npmOperationalInternal:
20 silly publish    { host: 'packages-12-west.internal.npmjs.com',
20 silly publish      tmp: 'tmp/gitbook-start-plugin-heroku-ericlucastania-1.0.3.tgz_1476822151040_0.11148920259438455' },
20 silly publish   directories: {},
20 silly publish   _resolved: 'https://registry.npmjs.org/gitbook-start-plugin-heroku-ericlucastania/-/gitbook-start-plugin-heroku-ericlucastania-1.0.3.tgz',
20 silly publish   dependencies:
20 silly publish    { 'fs-extra': '^1.0.0',
20 silly publish      path: '^0.12.7',
20 silly publish      'readline-sync': '^1.4.5',
20 silly publish      shelljs: '^0.7.5' },
20 silly publish   readme: '#Práctica: Heroku [PLUGIN]\n\n\n## Descripción\n\nEste es el repositorio del plugin. Aquí puedes encontrar dentro del archivo script.js las funcionalidades que se exportan. El\ninitialize y el deploy.\n\n## Explicación\n\nEn este repositorio se han trabajado los módulos initialize y deploy, el método initialize es llamado cuando se ejecuta un gitbook-start -d heroku\ny se encarga de meter la tarea de despliegue dentro del gulp del usuario. El método también le copia en el directorio de trabajo un\nservidor y un archivo Procfile necesarios para el despliegue de la aplicación,así como también loguearle en heroku y crearle un repositorio en heroku. El método\ndeploy solo hace un push al repositorio de heroku, este método es llamado cuando se ejecuta un gulp deploy-heroku\n\n## Pasos a ejecutar \n\nANTES DE EMPEZAR ASEGÚRATE DE TENER EL TOOLBET DE HEROKU INSTALADO\n\n**1. Instala nuestro paquete de forma global**\n\n```npm install -g gitbook-start-elt```\n\n**2. Instala el plugin de forma global**\n\n```npm install -g gitbook-start-plugin-heroku-ericlucastania```\n\n**3. Ejecuta el binario para el render del template**\n\n```gitbook-start --dir Carpeta``` !!Si no ejecutas el --dir se creará una carpeta con tu nombre de usuario\n**4. Entra en la carpeta**\n\n ```cd Carpeta```\n\n**5. Ejecuta el plugin**\n\n```gitbook-start -d heroku``` !! También puedes usar la opción --deploy\n\n**6. Ejecuta un npm install**\n\n```npm install```\n\n\n**7. Ejecuta el gulp creado**\n\n\n```gulp deploy-heroku```\n\n#### Explicación\n\nCunado se ejecuta el gitbook-start -d PLUGIN se te lanzará el initialize del plugin,\nel initialize crea una tarea en el gulp para realizar el deploy. Además de guardarte el paquete\nelegido en el package.json.\n\n## Opciones\n\n    gitbook-start [OPTIONS]\n        -d nombre del directorio a crear node gitbook-star -d miDirectorio\n        -a autor del libro a crear node gitbook-star -a AutorDelLibro\n        -e email del autor del libro node gitbook-star -e eric.ramos.suarez@gmail.com\n        -r repositorio github contra el que se va a trabajar -r nameRepo\n        -v muestra la version del paquete gitbook-start -v\n        -h muestra ayuda sobre las opciones disponibles\n## Enlaces interesantes \n \n* [NPM](https://www.npmjs.com/package/gitbook-start-elt)\n* [Repositorio de la práctica](https://github.com/ULL-ESIT-SYTW-1617/practica-plugins-heroku-ericlucastania)\n* [Descripción de la tarea campus](https://casianorodriguezleon.gitbooks.io/ull-esit-1617/content/practicas/practicaplugin2.html)\n* [PLUGIN](https://github.com/ULL-ESIT-SYTW-1617/gitbook-start-heroku-ericlucastania.git)\n* [NPM PLUGIN](https://www.npmjs.com/package/gitbook-start-plugin-heroku-ericlucastania)\n\n## Componentes del grupo de trabajo\n\n* [Eric Ramos](https://github.com/alu0100786330)\n* [Lucas Ruiz](https://github.com/alu0100785265)\n* [Tania González](https://github.com/tania77)\n',
20 silly publish   readmeFilename: 'README.md',
20 silly publish   gitHead: '27f5a40460519047ab40a0383f48ddb6ed7daf4e',
20 silly publish   bugs: { url: 'https://github.com/ULL-ESIT-SYTW-1617/gitbook-start-heroku-ericlucastania/issues' },
20 silly publish   homepage: 'https://github.com/ULL-ESIT-SYTW-1617/gitbook-start-heroku-ericlucastania#readme' }
21 verbose getPublishConfig undefined
22 silly mapToRegistry name gitbook-start-plugin-heroku-ericlucastania
23 silly mapToRegistry using default registry
24 silly mapToRegistry registry https://registry.npmjs.org/
25 silly mapToRegistry data Result {
25 silly mapToRegistry   raw: 'gitbook-start-plugin-heroku-ericlucastania',
25 silly mapToRegistry   scope: null,
25 silly mapToRegistry   name: 'gitbook-start-plugin-heroku-ericlucastania',
25 silly mapToRegistry   rawSpec: '',
25 silly mapToRegistry   spec: 'latest',
25 silly mapToRegistry   type: 'tag' }
26 silly mapToRegistry uri https://registry.npmjs.org/gitbook-start-plugin-heroku-ericlucastania
27 verbose publish registryBase https://registry.npmjs.org/
28 silly publish uploading /home/ubuntu/.npm/gitbook-start-plugin-heroku-ericlucastania/1.0.33/package.tgz
29 verbose request uri https://registry.npmjs.org/gitbook-start-plugin-heroku-ericlucastania
30 verbose request sending authorization for write operation
31 info attempt registry request try #1 at 6:53:21 PM
32 verbose request using bearer token for auth
33 verbose request id 96a24f28d36974a0
34 http request PUT https://registry.npmjs.org/gitbook-start-plugin-heroku-ericlucastania
35 http 403 https://registry.npmjs.org/gitbook-start-plugin-heroku-ericlucastania
36 verbose headers { 'content-type': 'application/json',
36 verbose headers   'cache-control': 'max-age=300',
36 verbose headers   'content-length': '96',
36 verbose headers   'accept-ranges': 'bytes',
36 verbose headers   date: 'Tue, 08 Nov 2016 18:53:22 GMT',
36 verbose headers   via: '1.1 varnish',
36 verbose headers   connection: 'keep-alive',
36 verbose headers   'x-served-by': 'cache-lcy1148-LCY',
36 verbose headers   'x-cache': 'MISS',
36 verbose headers   'x-cache-hits': '0',
36 verbose headers   'x-timer': 'S1478631201.504681,VS0,VE1093',
36 verbose headers   vary: 'Accept-Encoding' }
37 verbose request invalidating /home/ubuntu/.npm/registry.npmjs.org/gitbook-start-plugin-heroku-ericlucastania on PUT
38 error publish Failed PUT 403
39 verbose stack Error: "You cannot publish over the previously published version 1.0.33." : gitbook-start-plugin-heroku-ericlucastania
39 verbose stack     at makeError (/home/ubuntu/.nvm/versions/node/v4.5.0/lib/node_modules/npm/node_modules/npm-registry-client/lib/request.js:264:12)
39 verbose stack     at CachingRegistryClient.<anonymous> (/home/ubuntu/.nvm/versions/node/v4.5.0/lib/node_modules/npm/node_modules/npm-registry-client/lib/request.js:252:14)
39 verbose stack     at Request._callback (/home/ubuntu/.nvm/versions/node/v4.5.0/lib/node_modules/npm/node_modules/npm-registry-client/lib/request.js:172:14)
39 verbose stack     at Request.self.callback (/home/ubuntu/.nvm/versions/node/v4.5.0/lib/node_modules/npm/node_modules/request/request.js:200:22)
39 verbose stack     at emitTwo (events.js:87:13)
39 verbose stack     at Request.emit (events.js:172:7)
39 verbose stack     at Request.<anonymous> (/home/ubuntu/.nvm/versions/node/v4.5.0/lib/node_modules/npm/node_modules/request/request.js:1067:10)
39 verbose stack     at emitOne (events.js:82:20)
39 verbose stack     at Request.emit (events.js:169:7)
39 verbose stack     at IncomingMessage.<anonymous> (/home/ubuntu/.nvm/versions/node/v4.5.0/lib/node_modules/npm/node_modules/request/request.js:988:12)
40 verbose statusCode 403
41 verbose pkgid gitbook-start-plugin-heroku-ericlucastania
42 verbose cwd /home/ubuntu/workspace/practica4/heroku2
43 error Linux 4.2.0-c9
44 error argv "/home/ubuntu/.nvm/versions/node/v4.5.0/bin/node" "/home/ubuntu/.nvm/versions/node/v4.5.0/bin/npm" "publish"
45 error node v4.5.0
46 error npm  v2.15.9
47 error code E403
48 error "You cannot publish over the previously published version 1.0.33." : gitbook-start-plugin-heroku-ericlucastania
49 error If you need help, you may report this error at:
49 error     <https://github.com/npm/npm/issues>
50 verbose exit [ 1, true ]
